<from uri="" xmlns="http://camel.apache.org/schema/blueprint"></from>