<from uri="jgroups-raft" xmlns="http://camel.apache.org/schema/blueprint"></from>